<?xml version="1.0" encoding="utf-8"?><testsuites name="pytest tests"><testsuite name="pytest" errors="0" failures="0" skipped="0" tests="4" time="0.042" timestamp="2026-01-21T15:19:15.254901+08:00" hostname="WilliamMacBook-Air.local"><testcase classname="tests.fixtures.sample_tests.test_sample" name="test_passing" time="0.005" /><testcase classname="tests.fixtures.sample_tests.test_sample" name="test_another_passing" time="0.009" /><testcase classname="tests.fixtures.sample_tests.test_sample.TestSampleClass" name="test_method_one" time="0.009" /><testcase classname="tests.fixtures.sample_tests.test_sample.TestSampleClass" name="test_method_two" time="0.009" /></testsuite></testsuites>